<?xml version="1.0" encoding="UTF-8"?>
<!-- Generated by org.testng.reporters.JUnitReportReporter -->
<testsuite hostname="LAPTOP-7ON8U4QB" failures="0" tests="2" name="Automation.Tests.ErrorMessageTest" time="19.918" errors="0" timestamp="2025-06-02T22:02:02 IST" skipped="0">
  <testcase classname="Automation.Tests.ErrorMessageTest" name="productErrorCheck" time="12.988"/>
  <testcase classname="Automation.Tests.ErrorMessageTest" name="loginErrorCheck" time="6.930"/>
</testsuite> <!-- Automation.Tests.ErrorMessageTest -->
