<?xml version="1.0" encoding="UTF-8"?>
<!-- Generated by org.testng.reporters.JUnitReportReporter -->
<testsuite hostname="LAPTOP-7ON8U4QB" failures="0" tests="1" name="Automation.SeleniumFrameworkDesign.Tests.Test1" time="14.928" errors="0" timestamp="2025-05-05T22:31:05 IST" skipped="0">
  <testcase classname="Automation.SeleniumFrameworkDesign.Tests.Test1" name="placeOrder" time="14.928"/>
</testsuite> <!-- Automation.SeleniumFrameworkDesign.Tests.Test1 -->
