<?xml version="1.0" encoding="UTF-8"?>
<!-- Generated by org.testng.reporters.JUnitReportReporter -->
<testsuite hostname="LAPTOP-7ON8U4QB" failures="0" tests="1" name="Automation.Cucumber.TestRunner" time="15.232" errors="0" timestamp="2025-06-08T15:10:06 IST" skipped="0">
  <testcase classname="Automation.Cucumber.TestRunner" name="runScenario" time="15.232"/>
</testsuite> <!-- Automation.Cucumber.TestRunner -->
