<?xml version="1.0" encoding="UTF-8"?>
<!-- Generated by org.testng.reporters.JUnitReportReporter -->
<testsuite hostname="LAPTOP-7ON8U4QB" failures="0" tests="2" name="Automation.SeleniumFrameworkDesign.Tests.SubmitOrderTest" time="19.776" errors="0" timestamp="2025-05-17T12:18:00 IST" skipped="0">
  <testcase classname="Automation.SeleniumFrameworkDesign.Tests.SubmitOrderTest" name="placeOrder" time="12.848"/>
  <testcase classname="Automation.SeleniumFrameworkDesign.Tests.SubmitOrderTest" name="placeOrder" time="6.928"/>
</testsuite> <!-- Automation.SeleniumFrameworkDesign.Tests.SubmitOrderTest -->
